[0m19:38:31.138546 [debug] [MainThread]: Sending event: {'category': 'dbt', 'action': 'invocation', 'label': 'start', 'context': [<snowplow_tracker.self_describing_json.SelfDescribingJson object at 0x00000229437324B0>, <snowplow_tracker.self_describing_json.SelfDescribingJson object at 0x0000022943730C50>, <snowplow_tracker.self_describing_json.SelfDescribingJson object at 0x0000022943798740>]}


============================== 19:38:31.150538 | cb259e7b-1010-4e3b-a5d4-5cc01da2b0fe ==============================
[0m19:38:31.150538 [info ] [MainThread]: Running with dbt=1.8.0
[0m19:38:31.151538 [debug] [MainThread]: running dbt with arguments {'printer_width': '80', 'indirect_selection': 'eager', 'log_cache_events': 'False', 'write_json': 'True', 'partial_parse': 'True', 'cache_selected_only': 'False', 'profiles_dir': 'C:\\Users\\miles\\.dbt', 'debug': 'False', 'warn_error': 'None', 'log_path': 'logs', 'version_check': 'True', 'fail_fast': 'False', 'use_colors': 'True', 'use_experimental_parser': 'False', 'no_print': 'None', 'quiet': 'False', 'log_format': 'default', 'invocation_command': 'dbt init sb_pipeline', 'warn_error_options': 'WarnErrorOptions(include=[], exclude=[])', 'introspect': 'True', 'target_path': 'None', 'static_parser': 'True', 'send_anonymous_usage_stats': 'True'}
[0m19:38:31.215448 [warn ] [MainThread]: [ConfigFolderDirectory]: Unable to parse logging event dictionary. Failed to parse dir field: expected string or bytes-like object, got 'WindowsPath'.. Dictionary: {'dir': WindowsPath('C:/Users/miles/.dbt')}
[0m19:38:31.215952 [info ] [MainThread]: Creating dbt configuration folder at 
[0m19:38:31.217108 [debug] [MainThread]: Starter project path: C:\Users\miles\Documents\Business\Personal Projects\Reporting Service\.venv\Lib\site-packages\dbt\include\starter_project
[0m19:38:31.235599 [info ] [MainThread]: 
Your new dbt project "sb_pipeline" was created!

For more information on how to configure the profiles.yml file,
please consult the dbt documentation here:

  https://docs.getdbt.com/docs/configure-your-profile

One more thing:

Need help? Don't hesitate to reach out to us via GitHub issues or on Slack:

  https://community.getdbt.com/

Happy modeling!

[0m19:38:31.235599 [info ] [MainThread]: Setting up your profile.
[0m19:41:14.225801 [info ] [MainThread]: Profile sb_pipeline written to C:\Users\miles\.dbt\profiles.yml using target's sample configuration. Once updated, you'll be able to start developing with dbt.
[0m19:41:14.226844 [debug] [MainThread]: Command `dbt init` succeeded at 19:41:14.226844 after 163.17 seconds
[0m19:41:14.226844 [debug] [MainThread]: Sending event: {'category': 'dbt', 'action': 'invocation', 'label': 'end', 'context': [<snowplow_tracker.self_describing_json.SelfDescribingJson object at 0x0000022943DADBE0>, <snowplow_tracker.self_describing_json.SelfDescribingJson object at 0x00000229435B2CF0>, <snowplow_tracker.self_describing_json.SelfDescribingJson object at 0x00000229435B3380>]}
[0m19:41:14.227845 [debug] [MainThread]: Flushing usage events
